  ProgramaAnalizuojantiDuRikiavimoAlgoritmus.cpp
C:\VIKO_2\Kursinis Darbas Tumasonio\programos tyrimams\ProgramaDviemsRikiavimoAlgoritmasAnalizuoti\ProgramaAnalizuojantiDuRikiavimoAlgoritmus.cpp(116,9): error C2660: 'bubbleSort': function does not take 1 arguments
C:\VIKO_2\Kursinis Darbas Tumasonio\programos tyrimams\ProgramaDviemsRikiavimoAlgoritmasAnalizuoti\ProgramaAnalizuojantiDuRikiavimoAlgoritmus.cpp(73,6): message : see declaration of 'bubbleSort'
C:\VIKO_2\Kursinis Darbas Tumasonio\programos tyrimams\ProgramaDviemsRikiavimoAlgoritmasAnalizuoti\ProgramaAnalizuojantiDuRikiavimoAlgoritmus.cpp(116,9): message : while trying to match the argument list '(std::vector<int,std::allocator<int>>)'
C:\VIKO_2\Kursinis Darbas Tumasonio\programos tyrimams\ProgramaDviemsRikiavimoAlgoritmasAnalizuoti\ProgramaAnalizuojantiDuRikiavimoAlgoritmus.cpp(119,40): warning C4267: 'argument': conversion from 'size_t' to 'int', possible loss of data
C:\VIKO_2\Kursinis Darbas Tumasonio\programos tyrimams\ProgramaDviemsRikiavimoAlgoritmasAnalizuoti\ProgramaAnalizuojantiDuRikiavimoAlgoritmus.cpp(167,9): error C2679: binary '>>': no operator found which takes a right-hand operand of type 'overloaded-function' (or there is no acceptable conversion)
C:\Program Files\Microsoft Visual Studio\2022\Community\VC\Tools\MSVC\14.37.32822\include\istream(299,39): message : could be 'std::basic_istream<char,std::char_traits<char>> &std::basic_istream<char,std::char_traits<char>>::operator >>(std::basic_streambuf<char,std::char_traits<char>> *)'
C:\Program Files\Microsoft Visual Studio\2022\Community\VC\Tools\MSVC\14.37.32822\include\istream(295,39): message : or       'std::basic_istream<char,std::char_traits<char>> &std::basic_istream<char,std::char_traits<char>>::operator >>(void *&)'
C:\Program Files\Microsoft Visual Studio\2022\Community\VC\Tools\MSVC\14.37.32822\include\istream(291,39): message : or       'std::basic_istream<char,std::char_traits<char>> &std::basic_istream<char,std::char_traits<char>>::operator >>(long double &)'
C:\Program Files\Microsoft Visual Studio\2022\Community\VC\Tools\MSVC\14.37.32822\include\istream(287,39): message : or       'std::basic_istream<char,std::char_traits<char>> &std::basic_istream<char,std::char_traits<char>>::operator >>(double &)'
C:\Program Files\Microsoft Visual Studio\2022\Community\VC\Tools\MSVC\14.37.32822\include\istream(283,39): message : or       'std::basic_istream<char,std::char_traits<char>> &std::basic_istream<char,std::char_traits<char>>::operator >>(float &)'
C:\Program Files\Microsoft Visual Studio\2022\Community\VC\Tools\MSVC\14.37.32822\include\istream(279,39): message : or       'std::basic_istream<char,std::char_traits<char>> &std::basic_istream<char,std::char_traits<char>>::operator >>(unsigned __int64 &)'
C:\Program Files\Microsoft Visual Studio\2022\Community\VC\Tools\MSVC\14.37.32822\include\istream(275,39): message : or       'std::basic_istream<char,std::char_traits<char>> &std::basic_istream<char,std::char_traits<char>>::operator >>(__int64 &)'
C:\Program Files\Microsoft Visual Studio\2022\Community\VC\Tools\MSVC\14.37.32822\include\istream(271,39): message : or       'std::basic_istream<char,std::char_traits<char>> &std::basic_istream<char,std::char_traits<char>>::operator >>(unsigned long &)'
C:\Program Files\Microsoft Visual Studio\2022\Community\VC\Tools\MSVC\14.37.32822\include\istream(267,39): message : or       'std::basic_istream<char,std::char_traits<char>> &std::basic_istream<char,std::char_traits<char>>::operator >>(long &)'
C:\Program Files\Microsoft Visual Studio\2022\Community\VC\Tools\MSVC\14.37.32822\include\istream(263,39): message : or       'std::basic_istream<char,std::char_traits<char>> &std::basic_istream<char,std::char_traits<char>>::operator >>(unsigned int &)'
C:\Program Files\Microsoft Visual Studio\2022\Community\VC\Tools\MSVC\14.37.32822\include\istream(255,39): message : or       'std::basic_istream<char,std::char_traits<char>> &std::basic_istream<char,std::char_traits<char>>::operator >>(int &)'
C:\Program Files\Microsoft Visual Studio\2022\Community\VC\Tools\MSVC\14.37.32822\include\istream(251,39): message : or       'std::basic_istream<char,std::char_traits<char>> &std::basic_istream<char,std::char_traits<char>>::operator >>(unsigned short &)'
C:\Program Files\Microsoft Visual Studio\2022\Community\VC\Tools\MSVC\14.37.32822\include\istream(219,39): message : or       'std::basic_istream<char,std::char_traits<char>> &std::basic_istream<char,std::char_traits<char>>::operator >>(short &)'
C:\Program Files\Microsoft Visual Studio\2022\Community\VC\Tools\MSVC\14.37.32822\include\istream(215,39): message : or       'std::basic_istream<char,std::char_traits<char>> &std::basic_istream<char,std::char_traits<char>>::operator >>(bool &)'
C:\Program Files\Microsoft Visual Studio\2022\Community\VC\Tools\MSVC\14.37.32822\include\istream(186,39): message : or       'std::basic_istream<char,std::char_traits<char>> &std::basic_istream<char,std::char_traits<char>>::operator >>(std::ios_base &(__cdecl *)(std::ios_base &))'
C:\Program Files\Microsoft Visual Studio\2022\Community\VC\Tools\MSVC\14.37.32822\include\istream(181,39): message : or       'std::basic_istream<char,std::char_traits<char>> &std::basic_istream<char,std::char_traits<char>>::operator >>(std::basic_ios<char,std::char_traits<char>> &(__cdecl *)(std::basic_ios<char,std::char_traits<char>> &))'
C:\Program Files\Microsoft Visual Studio\2022\Community\VC\Tools\MSVC\14.37.32822\include\istream(176,39): message : or       'std::basic_istream<char,std::char_traits<char>> &std::basic_istream<char,std::char_traits<char>>::operator >>(std::basic_istream<char,std::char_traits<char>> &(__cdecl *)(std::basic_istream<char,std::char_traits<char>> &))'
C:\Program Files\Microsoft Visual Studio\2022\Community\VC\Tools\MSVC\14.37.32822\include\istream(902,9): message : or       '_Istr &&std::operator >>(_Istr &&,_Ty &&)'
C:\VIKO_2\Kursinis Darbas Tumasonio\programos tyrimams\ProgramaDviemsRikiavimoAlgoritmasAnalizuoti\ProgramaAnalizuojantiDuRikiavimoAlgoritmus.cpp(167,9): message : '_Istr &&std::operator >>(_Istr &&,_Ty &&)': could not deduce template argument for '__formal'
C:\Program Files\Microsoft Visual Studio\2022\Community\VC\Tools\MSVC\14.37.32822\include\istream(889,31): message : or       'std::basic_istream<char,_Traits> &std::operator >>(std::basic_istream<char,_Traits> &,unsigned char &)'
C:\VIKO_2\Kursinis Darbas Tumasonio\programos tyrimams\ProgramaDviemsRikiavimoAlgoritmasAnalizuoti\ProgramaAnalizuojantiDuRikiavimoAlgoritmus.cpp(167,16): message : 'initializing': cannot convert from 'void (__cdecl *)(void)' to 'unsigned char &'
C:\Program Files\Microsoft Visual Studio\2022\Community\VC\Tools\MSVC\14.37.32822\include\istream(883,31): message : or       'std::basic_istream<char,_Traits> &std::operator >>(std::basic_istream<char,_Traits> &,signed char &)'
C:\VIKO_2\Kursinis Darbas Tumasonio\programos tyrimams\ProgramaDviemsRikiavimoAlgoritmasAnalizuoti\ProgramaAnalizuojantiDuRikiavimoAlgoritmus.cpp(167,16): message : 'initializing': cannot convert from 'void (__cdecl *)(void)' to 'signed char &'
C:\Program Files\Microsoft Visual Studio\2022\Community\VC\Tools\MSVC\14.37.32822\include\istream(860,32): message : or       'std::basic_istream<_Elem,_Traits> &std::operator >>(std::basic_istream<_Elem,_Traits> &,_Elem &)'
C:\VIKO_2\Kursinis Darbas Tumasonio\programos tyrimams\ProgramaDviemsRikiavimoAlgoritmasAnalizuoti\ProgramaAnalizuojantiDuRikiavimoAlgoritmus.cpp(167,9): message : 'std::basic_istream<_Elem,_Traits> &std::operator >>(std::basic_istream<_Elem,_Traits> &,_Elem &)': template parameter '_Elem' is ambiguous
C:\VIKO_2\Kursinis Darbas Tumasonio\programos tyrimams\ProgramaDviemsRikiavimoAlgoritmasAnalizuoti\ProgramaAnalizuojantiDuRikiavimoAlgoritmus.cpp(167,9): message : could be 'void (void)'
C:\VIKO_2\Kursinis Darbas Tumasonio\programos tyrimams\ProgramaDviemsRikiavimoAlgoritmasAnalizuoti\ProgramaAnalizuojantiDuRikiavimoAlgoritmus.cpp(167,9): message : or       'char'
C:\VIKO_2\Kursinis Darbas Tumasonio\programos tyrimams\ProgramaDviemsRikiavimoAlgoritmasAnalizuoti\ProgramaAnalizuojantiDuRikiavimoAlgoritmus.cpp(167,9): message : 'std::basic_istream<_Elem,_Traits> &std::operator >>(std::basic_istream<_Elem,_Traits> &,_Elem &)': could not deduce template argument for '_Elem &' from 'void (void)'
C:\Program Files\Microsoft Visual Studio\2022\Community\VC\Tools\MSVC\14.37.32822\include\istream(854,31): message : or       'std::basic_istream<char,_Traits> &std::operator >>(std::basic_istream<char,_Traits> &,unsigned char *)'
C:\VIKO_2\Kursinis Darbas Tumasonio\programos tyrimams\ProgramaDviemsRikiavimoAlgoritmasAnalizuoti\ProgramaAnalizuojantiDuRikiavimoAlgoritmus.cpp(167,16): message : 'initializing': cannot convert from 'void (__cdecl *)(void)' to 'unsigned char *'
C:\VIKO_2\Kursinis Darbas Tumasonio\programos tyrimams\ProgramaDviemsRikiavimoAlgoritmasAnalizuoti\ProgramaAnalizuojantiDuRikiavimoAlgoritmus.cpp(167,16): message : There is no context in which this conversion is possible
C:\Program Files\Microsoft Visual Studio\2022\Community\VC\Tools\MSVC\14.37.32822\include\istream(849,31): message : or       'std::basic_istream<char,_Traits> &std::operator >>(std::basic_istream<char,_Traits> &,signed char *)'
C:\VIKO_2\Kursinis Darbas Tumasonio\programos tyrimams\ProgramaDviemsRikiavimoAlgoritmasAnalizuoti\ProgramaAnalizuojantiDuRikiavimoAlgoritmus.cpp(167,16): message : 'initializing': cannot convert from 'void (__cdecl *)(void)' to 'signed char *'
C:\VIKO_2\Kursinis Darbas Tumasonio\programos tyrimams\ProgramaDviemsRikiavimoAlgoritmasAnalizuoti\ProgramaAnalizuojantiDuRikiavimoAlgoritmus.cpp(167,16): message : There is no context in which this conversion is possible
C:\Program Files\Microsoft Visual Studio\2022\Community\VC\Tools\MSVC\14.37.32822\include\istream(844,32): message : or       'std::basic_istream<_Elem,_Traits> &std::operator >>(std::basic_istream<_Elem,_Traits> &,_Elem *)'
C:\VIKO_2\Kursinis Darbas Tumasonio\programos tyrimams\ProgramaDviemsRikiavimoAlgoritmasAnalizuoti\ProgramaAnalizuojantiDuRikiavimoAlgoritmus.cpp(167,9): message : 'std::basic_istream<_Elem,_Traits> &std::operator >>(std::basic_istream<_Elem,_Traits> &,_Elem *)': template parameter '_Elem' is ambiguous
C:\VIKO_2\Kursinis Darbas Tumasonio\programos tyrimams\ProgramaDviemsRikiavimoAlgoritmasAnalizuoti\ProgramaAnalizuojantiDuRikiavimoAlgoritmus.cpp(167,9): message : could be 'void (void)'
C:\VIKO_2\Kursinis Darbas Tumasonio\programos tyrimams\ProgramaDviemsRikiavimoAlgoritmasAnalizuoti\ProgramaAnalizuojantiDuRikiavimoAlgoritmus.cpp(167,9): message : or       'char'
C:\VIKO_2\Kursinis Darbas Tumasonio\programos tyrimams\ProgramaDviemsRikiavimoAlgoritmasAnalizuoti\ProgramaAnalizuojantiDuRikiavimoAlgoritmus.cpp(167,9): message : 'std::basic_istream<_Elem,_Traits> &std::operator >>(std::basic_istream<_Elem,_Traits> &,_Elem *)': could not deduce template argument for '_Elem *' from 'void (void)'
C:\Program Files\Microsoft Visual Studio\2022\Community\VC\Tools\MSVC\14.37.32822\include\xstring(5136,32): message : or       'std::basic_istream<_Elem,_Traits> &std::operator >>(std::basic_istream<_Elem,_Traits> &,std::basic_string<_Elem,_Traits,_Alloc> &)'
C:\VIKO_2\Kursinis Darbas Tumasonio\programos tyrimams\ProgramaDviemsRikiavimoAlgoritmasAnalizuoti\ProgramaAnalizuojantiDuRikiavimoAlgoritmus.cpp(167,9): message : 'std::basic_istream<_Elem,_Traits> &std::operator >>(std::basic_istream<_Elem,_Traits> &,std::basic_string<_Elem,_Traits,_Alloc> &)': could not deduce template argument for 'std::basic_string<_Elem,_Traits,_Alloc> &' from 'void (void)'
C:\VIKO_2\Kursinis Darbas Tumasonio\programos tyrimams\ProgramaDviemsRikiavimoAlgoritmasAnalizuoti\ProgramaAnalizuojantiDuRikiavimoAlgoritmus.cpp(167,9): message : while trying to match the argument list '(std::istream, overloaded-function)'
